<?xml version="1.0" encoding="UTF-8"?>
<!-- Generated by org.testng.reporters.JUnitXMLReporter -->
<testsuite ignored="0" hostname="DESKTOP-Q609NLG" failures="0" tests="1" name="Test-Runner-Edge" time="23.917" errors="0" timestamp="2024-11-04T20:19:53 IST">
  <testcase classname="products.RemoveProductTest" name="tc_001_RemoveProduct" time="0.006"/>
</testsuite> <!-- Test-Runner-Edge -->
