<?xml version="1.0" encoding="UTF-8"?>
<!-- Generated by org.testng.reporters.JUnitXMLReporter -->
<testsuite ignored="0" hostname="DESKTOP-Q609NLG" failures="0" tests="1" name="Test-Runner-1" time="22.365" errors="0" timestamp="2024-11-05T20:40:30 IST">
  <testcase classname="products.RemoveProductTest" name="tc_001_RemoveProduct" time="0.019"/>
</testsuite> <!-- Test-Runner-1 -->
