<?xml version="1.0" encoding="UTF-8"?>
<!-- Generated by org.testng.reporters.JUnitReportReporter -->
<testsuite hostname="DESKTOP-Q609NLG" failures="0" tests="1" name="products.AddMultipleProductsToCartTest" time="1.372" errors="0" timestamp="2024-11-05T20:39:05 IST" skipped="0">
  <testcase classname="products.AddMultipleProductsToCartTest" name="tc_002_AddMultipleProductToCartTest" time="1.372"/>
  <system-out/>
</testsuite> <!-- products.AddMultipleProductsToCartTest -->
