<?xml version="1.0" encoding="UTF-8"?>
<!-- Generated by org.testng.reporters.JUnitReportReporter -->
<testsuite hostname="DESKTOP-Q609NLG" failures="0" tests="5" name="practice.TestNGPractice" time="0.071" errors="0" timestamp="2024-10-24T19:53:44 IST" skipped="0">
  <testcase classname="practice.TestNGPractice" name="sampleTest" time="0.011"/>
  <system-out/>
  <testcase classname="practice.TestNGPractice" name="method1" time="0.009"/>
  <system-out/>
  <testcase classname="practice.TestNGPractice" name="sampleTest" time="0.024"/>
  <system-out/>
  <testcase classname="practice.TestNGPractice" name="Login" time="0.021"/>
  <system-out/>
  <testcase classname="practice.TestNGPractice" name="method2" time="0.006"/>
  <system-out/>
</testsuite> <!-- practice.TestNGPractice -->
