<?xml version="1.0" encoding="UTF-8"?>
<!-- Generated by org.testng.reporters.JUnitReportReporter -->
<testsuite hostname="DESKTOP-Q609NLG" failures="0" tests="1" name="products.RemoveProductTest" time="1.259" errors="0" timestamp="2024-11-07T10:25:36 IST" skipped="0">
  <testcase classname="products.RemoveProductTest" name="tc_001_RemoveProduct" time="1.259"/>
  <system-out/>
</testsuite> <!-- products.RemoveProductTest -->
